c
c This is glucose 4.0 --  based on MiniSAT (Many thanks to MiniSAT team)
c
c ========================================[ Problem Statistics ]===========================================
c |                                                                                                       |
c |  Number of variables:            50                                                                   |
c |  Number of clauses:             250                                                                   |
c |  Parse time:                   0.00 s                                                                 |
c |                                                                                                       |
c | Preprocesing is fully done
c |  Simplification time:          0.00 s                                                                 |
c |                                                                                                       |
c ========================================[ MAGIC CONSTANTS ]==============================================
c | Constants are supposed to work well together :-)                                                      |
c | however, if you find better choices, please let us known...                                           |
c |-------------------------------------------------------------------------------------------------------|
c |                                |                                |                                     |
c | - Restarts:                    | - Reduce Clause DB:            | - Minimize Asserting:               |
c |   * LBD Queue    :     50      |   * First     :   2000         |    * size <  30                     |
c |   * Trail  Queue :   5000      |   * Inc       :    300         |    * lbd  <   6                     |
c |   * K            :   0.80      |   * Special   :   1000         |                                     |
c |   * R            :   1.40      |   * Protected :  (lbd)< 30     |                                     |
c |                                |                                |                                     |
c ==================================[ Search Statistics (every  10000 conflicts) ]=========================
c |                                                                                                       |
c |          RESTARTS           |          ORIGINAL         |              LEARNT              | Progress |
c |       NB   Blocked  Avg Cfc |    Vars  Clauses Literals |   Red   Learnts    LBD2  Removed |          |
c =========================================================================================================
c last restart ## conflicts  :  276 21 
c =========================================================================================================
c restarts              : 1 (276 conflicts in avg)
c blocked restarts      : 0 (multiple: 0) 
c last block at restart : 0
c nb ReduceDB           : 0
c nb removed Clauses    : 0
c nb learnts DL2        : 0
c nb learnts size 2     : 0
c nb learnts size 1     : 0
c conflicts             : 276            (97803 /sec)
c decisions             : 362            (0.00 % random) (128278 /sec)
c propagations          : 2115           (749468 /sec)
c conflict literals     : 4858           (4.37 % deleted)
c nb reduced Clauses    : 0
c CPU time              : 0.002822 s

s SATISFIABLE
